-------------------------------
Timestamp: Thu Oct  2 21:50:47 IST 2025
  PID COMMAND           %CPU
 1603 XprotectService    9.7
  428 mDNSResponder      2.0
  373 WindowServer       1.1
  602 Terminal           1.0
 1389 WhatsApp           0.7

-------------------------------
Timestamp: Thu Oct  2 22:10:40 IST 2025
  PID COMMAND           %CPU
  373 WindowServer       1.8
  729 searchpartyusera   1.1
  719 imagent            1.0
  542 com.apple.Driver   0.6
  428 mDNSResponder      0.5

-------------------------------
Timestamp: Thu Oct  2 22:10:50 IST 2025
  PID COMMAND           %CPU
  655 fileproviderd     14.8
  631 Finder             8.6
  589 cloudd             7.5
  647 bird               5.9
  608 nsurlsessiond      4.1

-------------------------------
Timestamp: Thu Oct  2 22:11:00 IST 2025
  PID COMMAND           %CPU
  373 WindowServer       9.0
  631 Finder             3.4
 8397 Code Helper (Ren   3.0
  602 Terminal           1.6
  655 fileproviderd      1.5

